<?xml version="1.0" encoding="UTF-8"?>
<testng-results ignored="0" total="2" passed="2" failed="0" skipped="0">
  <reporter-output>
  </reporter-output>
  <suite started-at="2023-05-11T10:49:46Z" name="DemoTest-RegistrationPage" finished-at="2023-05-11T10:49:57Z" duration-ms="10664">
    <groups>
    </groups>
    <test started-at="2023-05-11T10:49:46Z" name="UserRegistrationTest" finished-at="2023-05-11T10:49:57Z" duration-ms="10664">
      <class name="Test.RegistrationPageTest">
        <test-method is-config="true" signature="SetUp()[pri:0, instance:Test.RegistrationPageTest@602e0143]" started-at="2023-05-11T10:49:46Z" name="SetUp" finished-at="2023-05-11T10:49:51Z" duration-ms="4541" status="PASS">
          <reporter-output>
          </reporter-output>
        </test-method> <!-- SetUp -->
        <test-method signature="RegistrationPageTitleTest()[pri:1, instance:Test.RegistrationPageTest@602e0143]" started-at="2023-05-11T10:49:51Z" name="RegistrationPageTitleTest" finished-at="2023-05-11T10:49:51Z" duration-ms="60" status="PASS">
          <reporter-output>
          </reporter-output>
        </test-method> <!-- RegistrationPageTitleTest -->
        <test-method is-config="true" signature="assessTestStatus(org.testng.ITestResult)[pri:0, instance:Test.RegistrationPageTest@602e0143]" started-at="2023-05-11T10:49:51Z" name="assessTestStatus" finished-at="2023-05-11T10:49:51Z" duration-ms="5" status="PASS">
          <params>
            <param index="0">
              <value>
                <![CDATA[[TestResult name=RegistrationPageTitleTest status=SUCCESS method=RegistrationPageTest.RegistrationPageTitleTest()[pri:1, instance:Test.RegistrationPageTest@602e0143] output={null}]]]>
              </value>
            </param>
          </params>
          <reporter-output>
          </reporter-output>
        </test-method> <!-- assessTestStatus -->
        <test-method is-config="true" signature="SetUp()[pri:0, instance:Test.RegistrationPageTest@602e0143]" started-at="2023-05-11T10:49:51Z" name="SetUp" finished-at="2023-05-11T10:49:54Z" duration-ms="3588" status="PASS">
          <reporter-output>
          </reporter-output>
        </test-method> <!-- SetUp -->
        <test-method signature="UserRegistrationTest()[pri:2, instance:Test.RegistrationPageTest@602e0143]" started-at="2023-05-11T10:49:54Z" name="UserRegistrationTest" finished-at="2023-05-11T10:49:57Z" duration-ms="2303" status="PASS">
          <reporter-output>
          </reporter-output>
        </test-method> <!-- UserRegistrationTest -->
        <test-method is-config="true" signature="assessTestStatus(org.testng.ITestResult)[pri:0, instance:Test.RegistrationPageTest@602e0143]" started-at="2023-05-11T10:49:57Z" name="assessTestStatus" finished-at="2023-05-11T10:49:57Z" duration-ms="0" status="PASS">
          <params>
            <param index="0">
              <value>
                <![CDATA[[TestResult name=UserRegistrationTest status=SUCCESS method=RegistrationPageTest.UserRegistrationTest()[pri:2, instance:Test.RegistrationPageTest@602e0143] output={null}]]]>
              </value>
            </param>
          </params>
          <reporter-output>
          </reporter-output>
        </test-method> <!-- assessTestStatus -->
        <test-method is-config="true" signature="tearDown()[pri:0, instance:Test.RegistrationPageTest@602e0143]" started-at="2023-05-11T10:49:57Z" name="tearDown" finished-at="2023-05-11T10:49:57Z" duration-ms="374" status="PASS">
          <reporter-output>
          </reporter-output>
        </test-method> <!-- tearDown -->
      </class> <!-- Test.RegistrationPageTest -->
    </test> <!-- UserRegistrationTest -->
  </suite> <!-- DemoTest-RegistrationPage -->
</testng-results>
