<?xml version="1.0" encoding="UTF-8"?>
<testng-results ignored="0" total="2" passed="2" failed="0" skipped="0">
  <reporter-output>
  </reporter-output>
  <suite started-at="2023-05-12T07:36:11Z" name="DemoTest-RegistrationPage" finished-at="2023-05-12T07:36:24Z" duration-ms="12398">
    <groups>
    </groups>
    <test started-at="2023-05-12T07:36:11Z" name="UserRegistrationTest" finished-at="2023-05-12T07:36:24Z" duration-ms="12398">
      <class name="Test.RegistrationPageTest">
        <test-method is-config="true" signature="SetUp()[pri:0, instance:Test.RegistrationPageTest@29a0cdb]" started-at="2023-05-12T07:36:11Z" name="SetUp" finished-at="2023-05-12T07:36:18Z" duration-ms="6385" status="PASS">
          <reporter-output>
          </reporter-output>
        </test-method> <!-- SetUp -->
        <test-method signature="RegistrationPageTitleTest()[pri:1, instance:Test.RegistrationPageTest@29a0cdb]" started-at="2023-05-12T07:36:18Z" name="RegistrationPageTitleTest" finished-at="2023-05-12T07:36:18Z" duration-ms="68" status="PASS">
          <reporter-output>
          </reporter-output>
        </test-method> <!-- RegistrationPageTitleTest -->
        <test-method is-config="true" signature="assessTestStatus(org.testng.ITestResult)[pri:0, instance:Test.RegistrationPageTest@29a0cdb]" started-at="2023-05-12T07:36:18Z" name="assessTestStatus" finished-at="2023-05-12T07:36:18Z" duration-ms="7" status="PASS">
          <params>
            <param index="0">
              <value>
                <![CDATA[[TestResult name=RegistrationPageTitleTest status=SUCCESS method=RegistrationPageTest.RegistrationPageTitleTest()[pri:1, instance:Test.RegistrationPageTest@29a0cdb] output={null}]]]>
              </value>
            </param>
          </params>
          <reporter-output>
          </reporter-output>
        </test-method> <!-- assessTestStatus -->
        <test-method is-config="true" signature="SetUp()[pri:0, instance:Test.RegistrationPageTest@29a0cdb]" started-at="2023-05-12T07:36:18Z" name="SetUp" finished-at="2023-05-12T07:36:22Z" duration-ms="3636" status="PASS">
          <reporter-output>
          </reporter-output>
        </test-method> <!-- SetUp -->
        <test-method signature="UserRegistrationTest()[pri:2, instance:Test.RegistrationPageTest@29a0cdb]" started-at="2023-05-12T07:36:22Z" name="UserRegistrationTest" finished-at="2023-05-12T07:36:24Z" duration-ms="2068" status="PASS">
          <reporter-output>
          </reporter-output>
        </test-method> <!-- UserRegistrationTest -->
        <test-method is-config="true" signature="assessTestStatus(org.testng.ITestResult)[pri:0, instance:Test.RegistrationPageTest@29a0cdb]" started-at="2023-05-12T07:36:24Z" name="assessTestStatus" finished-at="2023-05-12T07:36:24Z" duration-ms="6" status="PASS">
          <params>
            <param index="0">
              <value>
                <![CDATA[[TestResult name=UserRegistrationTest status=SUCCESS method=RegistrationPageTest.UserRegistrationTest()[pri:2, instance:Test.RegistrationPageTest@29a0cdb] output={null}]]]>
              </value>
            </param>
          </params>
          <reporter-output>
          </reporter-output>
        </test-method> <!-- assessTestStatus -->
        <test-method is-config="true" signature="tearDown()[pri:0, instance:Test.RegistrationPageTest@29a0cdb]" started-at="2023-05-12T07:36:24Z" name="tearDown" finished-at="2023-05-12T07:36:24Z" duration-ms="546" status="PASS">
          <reporter-output>
          </reporter-output>
        </test-method> <!-- tearDown -->
      </class> <!-- Test.RegistrationPageTest -->
    </test> <!-- UserRegistrationTest -->
  </suite> <!-- DemoTest-RegistrationPage -->
</testng-results>
